-- Install configuration: ""
-- Up-to-date: /home/rune/Hexapod/simulation/hexapod_rviz/install/hexapod/share/hexapod/launch
-- Up-to-date: /home/rune/Hexapod/simulation/hexapod_rviz/install/hexapod/share/hexapod/launch/display.launch.py
-- Up-to-date: /home/rune/Hexapod/simulation/hexapod_rviz/install/hexapod/share/hexapod/urdf
-- Up-to-date: /home/rune/Hexapod/simulation/hexapod_rviz/install/hexapod/share/hexapod/urdf/model.urdf
-- Up-to-date: /home/rune/Hexapod/simulation/hexapod_rviz/install/hexapod/share/hexapod/urdf/model.xacro
-- Installing: /home/rune/Hexapod/simulation/hexapod_rviz/install/hexapod/share/hexapod/rviz
-- Installing: /home/rune/Hexapod/simulation/hexapod_rviz/install/hexapod/share/ament_index/resource_index/package_run_dependencies/hexapod
-- Installing: /home/rune/Hexapod/simulation/hexapod_rviz/install/hexapod/share/ament_index/resource_index/parent_prefix_path/hexapod
-- Installing: /home/rune/Hexapod/simulation/hexapod_rviz/install/hexapod/share/hexapod/environment/ament_prefix_path.sh
-- Installing: /home/rune/Hexapod/simulation/hexapod_rviz/install/hexapod/share/hexapod/environment/ament_prefix_path.dsv
-- Installing: /home/rune/Hexapod/simulation/hexapod_rviz/install/hexapod/share/hexapod/environment/path.sh
-- Installing: /home/rune/Hexapod/simulation/hexapod_rviz/install/hexapod/share/hexapod/environment/path.dsv
-- Installing: /home/rune/Hexapod/simulation/hexapod_rviz/install/hexapod/share/hexapod/local_setup.bash
-- Installing: /home/rune/Hexapod/simulation/hexapod_rviz/install/hexapod/share/hexapod/local_setup.sh
-- Installing: /home/rune/Hexapod/simulation/hexapod_rviz/install/hexapod/share/hexapod/local_setup.zsh
-- Installing: /home/rune/Hexapod/simulation/hexapod_rviz/install/hexapod/share/hexapod/local_setup.dsv
-- Installing: /home/rune/Hexapod/simulation/hexapod_rviz/install/hexapod/share/hexapod/package.dsv
-- Installing: /home/rune/Hexapod/simulation/hexapod_rviz/install/hexapod/share/ament_index/resource_index/packages/hexapod
-- Installing: /home/rune/Hexapod/simulation/hexapod_rviz/install/hexapod/share/hexapod/cmake/hexapodConfig.cmake
-- Installing: /home/rune/Hexapod/simulation/hexapod_rviz/install/hexapod/share/hexapod/cmake/hexapodConfig-version.cmake
-- Installing: /home/rune/Hexapod/simulation/hexapod_rviz/install/hexapod/share/hexapod/package.xml
