[0.018s] Invoking command in '/home/rune/Hexapod/simulation/hexapod_rviz/build/hexapod': CMAKE_PREFIX_PATH=${CMAKE_PREFIX_PATH}:/opt/ros/jazzy DEBUGINFOD_URLS=https://debuginfod.ubuntu.com /usr/bin/cmake --build /home/rune/Hexapod/simulation/hexapod_rviz/build/hexapod -- -j4 -l4
[0.082s] Invoked command in '/home/rune/Hexapod/simulation/hexapod_rviz/build/hexapod' returned '0': CMAKE_PREFIX_PATH=${CMAKE_PREFIX_PATH}:/opt/ros/jazzy DEBUGINFOD_URLS=https://debuginfod.ubuntu.com /usr/bin/cmake --build /home/rune/Hexapod/simulation/hexapod_rviz/build/hexapod -- -j4 -l4
[0.097s] Invoking command in '/home/rune/Hexapod/simulation/hexapod_rviz/build/hexapod': CMAKE_PREFIX_PATH=${CMAKE_PREFIX_PATH}:/opt/ros/jazzy DEBUGINFOD_URLS=https://debuginfod.ubuntu.com /usr/bin/cmake --install /home/rune/Hexapod/simulation/hexapod_rviz/build/hexapod
[0.124s] -- Install configuration: ""
[0.124s] -- Up-to-date: /home/rune/Hexapod/simulation/hexapod_rviz/install/hexapod/share/hexapod/launch
[0.124s] -- Up-to-date: /home/rune/Hexapod/simulation/hexapod_rviz/install/hexapod/share/hexapod/launch/display.launch.py
[0.124s] -- Up-to-date: /home/rune/Hexapod/simulation/hexapod_rviz/install/hexapod/share/hexapod/urdf
[0.124s] -- Up-to-date: /home/rune/Hexapod/simulation/hexapod_rviz/install/hexapod/share/hexapod/urdf/model.urdf
[0.124s] -- Up-to-date: /home/rune/Hexapod/simulation/hexapod_rviz/install/hexapod/share/hexapod/urdf/model.xacro
[0.124s] -- Installing: /home/rune/Hexapod/simulation/hexapod_rviz/install/hexapod/share/hexapod/rviz
[0.124s] -- Installing: /home/rune/Hexapod/simulation/hexapod_rviz/install/hexapod/share/ament_index/resource_index/package_run_dependencies/hexapod
[0.124s] -- Installing: /home/rune/Hexapod/simulation/hexapod_rviz/install/hexapod/share/ament_index/resource_index/parent_prefix_path/hexapod
[0.125s] -- Installing: /home/rune/Hexapod/simulation/hexapod_rviz/install/hexapod/share/hexapod/environment/ament_prefix_path.sh
[0.125s] -- Installing: /home/rune/Hexapod/simulation/hexapod_rviz/install/hexapod/share/hexapod/environment/ament_prefix_path.dsv
[0.125s] -- Installing: /home/rune/Hexapod/simulation/hexapod_rviz/install/hexapod/share/hexapod/environment/path.sh
[0.125s] -- Installing: /home/rune/Hexapod/simulation/hexapod_rviz/install/hexapod/share/hexapod/environment/path.dsv
[0.125s] -- Installing: /home/rune/Hexapod/simulation/hexapod_rviz/install/hexapod/share/hexapod/local_setup.bash
[0.125s] -- Installing: /home/rune/Hexapod/simulation/hexapod_rviz/install/hexapod/share/hexapod/local_setup.sh
[0.125s] -- Installing: /home/rune/Hexapod/simulation/hexapod_rviz/install/hexapod/share/hexapod/local_setup.zsh
[0.126s] -- Installing: /home/rune/Hexapod/simulation/hexapod_rviz/install/hexapod/share/hexapod/local_setup.dsv
[0.126s] -- Installing: /home/rune/Hexapod/simulation/hexapod_rviz/install/hexapod/share/hexapod/package.dsv
[0.126s] -- Installing: /home/rune/Hexapod/simulation/hexapod_rviz/install/hexapod/share/ament_index/resource_index/packages/hexapod
[0.126s] -- Installing: /home/rune/Hexapod/simulation/hexapod_rviz/install/hexapod/share/hexapod/cmake/hexapodConfig.cmake
[0.126s] -- Installing: /home/rune/Hexapod/simulation/hexapod_rviz/install/hexapod/share/hexapod/cmake/hexapodConfig-version.cmake
[0.127s] -- Installing: /home/rune/Hexapod/simulation/hexapod_rviz/install/hexapod/share/hexapod/package.xml
[0.130s] Invoked command in '/home/rune/Hexapod/simulation/hexapod_rviz/build/hexapod' returned '0': CMAKE_PREFIX_PATH=${CMAKE_PREFIX_PATH}:/opt/ros/jazzy DEBUGINFOD_URLS=https://debuginfod.ubuntu.com /usr/bin/cmake --install /home/rune/Hexapod/simulation/hexapod_rviz/build/hexapod
