-- Install configuration: ""
-- Up-to-date: /home/rune/Hexapod/simulation/hexapod_rviz/install/hexapod/share/hexapod/launch
-- Up-to-date: /home/rune/Hexapod/simulation/hexapod_rviz/install/hexapod/share/hexapod/launch/display.launch.py
-- Up-to-date: /home/rune/Hexapod/simulation/hexapod_rviz/install/hexapod/share/hexapod/urdf
-- Up-to-date: /home/rune/Hexapod/simulation/hexapod_rviz/install/hexapod/share/hexapod/urdf/model.urdf
-- Installing: /home/rune/Hexapod/simulation/hexapod_rviz/install/hexapod/share/hexapod/urdf/model.xacro
-- Up-to-date: /home/rune/Hexapod/simulation/hexapod_rviz/install/hexapod/share/hexapod/urdf/stl
-- Up-to-date: /home/rune/Hexapod/simulation/hexapod_rviz/install/hexapod/share/hexapod/urdf/stl/middle_joint.stl
-- Up-to-date: /home/rune/Hexapod/simulation/hexapod_rviz/install/hexapod/share/hexapod/urdf/stl/joint.stl
-- Up-to-date: /home/rune/Hexapod/simulation/hexapod_rviz/install/hexapod/share/hexapod/urdf/stl/foot.stl
-- Up-to-date: /home/rune/Hexapod/simulation/hexapod_rviz/install/hexapod/share/hexapod/urdf/stl/body.stl
-- Up-to-date: /home/rune/Hexapod/simulation/hexapod_rviz/install/hexapod/share/hexapod/rviz
-- Up-to-date: /home/rune/Hexapod/simulation/hexapod_rviz/install/hexapod/share/ament_index/resource_index/package_run_dependencies/hexapod
-- Up-to-date: /home/rune/Hexapod/simulation/hexapod_rviz/install/hexapod/share/ament_index/resource_index/parent_prefix_path/hexapod
-- Up-to-date: /home/rune/Hexapod/simulation/hexapod_rviz/install/hexapod/share/hexapod/environment/ament_prefix_path.sh
-- Up-to-date: /home/rune/Hexapod/simulation/hexapod_rviz/install/hexapod/share/hexapod/environment/ament_prefix_path.dsv
-- Up-to-date: /home/rune/Hexapod/simulation/hexapod_rviz/install/hexapod/share/hexapod/environment/path.sh
-- Up-to-date: /home/rune/Hexapod/simulation/hexapod_rviz/install/hexapod/share/hexapod/environment/path.dsv
-- Up-to-date: /home/rune/Hexapod/simulation/hexapod_rviz/install/hexapod/share/hexapod/local_setup.bash
-- Up-to-date: /home/rune/Hexapod/simulation/hexapod_rviz/install/hexapod/share/hexapod/local_setup.sh
-- Up-to-date: /home/rune/Hexapod/simulation/hexapod_rviz/install/hexapod/share/hexapod/local_setup.zsh
-- Up-to-date: /home/rune/Hexapod/simulation/hexapod_rviz/install/hexapod/share/hexapod/local_setup.dsv
-- Installing: /home/rune/Hexapod/simulation/hexapod_rviz/install/hexapod/share/hexapod/package.dsv
-- Up-to-date: /home/rune/Hexapod/simulation/hexapod_rviz/install/hexapod/share/ament_index/resource_index/packages/hexapod
-- Up-to-date: /home/rune/Hexapod/simulation/hexapod_rviz/install/hexapod/share/hexapod/cmake/hexapodConfig.cmake
-- Up-to-date: /home/rune/Hexapod/simulation/hexapod_rviz/install/hexapod/share/hexapod/cmake/hexapodConfig-version.cmake
-- Up-to-date: /home/rune/Hexapod/simulation/hexapod_rviz/install/hexapod/share/hexapod/package.xml
