[0.104s] DEBUG:colcon:Command line arguments: ['/usr/bin/colcon', 'build']
[0.104s] DEBUG:colcon:Parsed command line arguments: Namespace(log_base=None, log_level=None, verb_name='build', build_base='build', install_base='install', merge_install=False, symlink_install=False, test_result_base=None, continue_on_error=False, executor='parallel', parallel_workers=4, event_handlers=None, ignore_user_meta=False, metas=['./colcon.meta'], base_paths=['.'], packages_ignore=None, packages_ignore_regex=None, paths=None, packages_up_to=None, packages_up_to_regex=None, packages_above=None, packages_above_and_dependencies=None, packages_above_depth=None, packages_select_by_dep=None, packages_skip_by_dep=None, packages_skip_up_to=None, packages_select_build_failed=False, packages_skip_build_finished=False, packages_select_test_failures=False, packages_skip_test_passed=False, packages_select=None, packages_skip=None, packages_select_regex=None, packages_skip_regex=None, packages_start=None, packages_end=None, cmake_args=None, cmake_target=None, cmake_target_skip_unavailable=False, cmake_clean_cache=False, cmake_clean_first=False, cmake_force_configure=False, ament_cmake_args=None, catkin_cmake_args=None, catkin_skip_building_tests=False, verb_parser=<colcon_defaults.argument_parser.defaults.DefaultArgumentsDecorator object at 0x7e313b4f33e0>, verb_extension=<colcon_core.verb.build.BuildVerb object at 0x7e313b4966c0>, main=<bound method BuildVerb.main of <colcon_core.verb.build.BuildVerb object at 0x7e313b4966c0>>)
[0.145s] Level 1:colcon.colcon_core.package_discovery:discover_packages(colcon_meta) check parameters
[0.145s] Level 1:colcon.colcon_core.package_discovery:discover_packages(recursive) check parameters
[0.145s] Level 1:colcon.colcon_core.package_discovery:discover_packages(ignore) check parameters
[0.145s] Level 1:colcon.colcon_core.package_discovery:discover_packages(path) check parameters
[0.145s] Level 1:colcon.colcon_core.package_discovery:discover_packages(colcon_meta) discover
[0.146s] Level 1:colcon.colcon_core.package_discovery:discover_packages(recursive) discover
[0.146s] INFO:colcon.colcon_core.package_discovery:Crawling recursively for packages in '/home/rune/Hexapod/simulation/hexapod_rviz'
[0.146s] Level 1:colcon.colcon_core.package_identification:_identify(.) by extensions ['ignore', 'ignore_ament_install']
[0.146s] Level 1:colcon.colcon_core.package_identification:_identify(.) by extension 'ignore'
[0.146s] Level 1:colcon.colcon_core.package_identification:_identify(.) by extension 'ignore_ament_install'
[0.146s] Level 1:colcon.colcon_core.package_identification:_identify(.) by extensions ['colcon_pkg']
[0.146s] Level 1:colcon.colcon_core.package_identification:_identify(.) by extension 'colcon_pkg'
[0.146s] Level 1:colcon.colcon_core.package_identification:_identify(.) by extensions ['colcon_meta']
[0.146s] Level 1:colcon.colcon_core.package_identification:_identify(.) by extension 'colcon_meta'
[0.146s] Level 1:colcon.colcon_core.package_identification:_identify(.) by extensions ['ros']
[0.146s] Level 1:colcon.colcon_core.package_identification:_identify(.) by extension 'ros'
[0.173s] DEBUG:colcon.colcon_core.package_identification:Package '.' with type 'ros.ament_cmake' and name 'hexapod_rviz'
[0.173s] Level 1:colcon.colcon_core.package_discovery:discover_packages(recursive) using defaults
[0.173s] Level 1:colcon.colcon_core.package_discovery:discover_packages(ignore) discover
[0.173s] Level 1:colcon.colcon_core.package_discovery:discover_packages(ignore) using defaults
[0.173s] Level 1:colcon.colcon_core.package_discovery:discover_packages(path) discover
[0.173s] Level 1:colcon.colcon_core.package_discovery:discover_packages(path) using defaults
[0.190s] Level 5:colcon.colcon_core.verb:set package 'hexapod_rviz' build argument 'cmake_args' from command line to 'None'
[0.191s] Level 5:colcon.colcon_core.verb:set package 'hexapod_rviz' build argument 'cmake_target' from command line to 'None'
[0.191s] Level 5:colcon.colcon_core.verb:set package 'hexapod_rviz' build argument 'cmake_target_skip_unavailable' from command line to 'False'
[0.191s] Level 5:colcon.colcon_core.verb:set package 'hexapod_rviz' build argument 'cmake_clean_cache' from command line to 'False'
[0.191s] Level 5:colcon.colcon_core.verb:set package 'hexapod_rviz' build argument 'cmake_clean_first' from command line to 'False'
[0.191s] Level 5:colcon.colcon_core.verb:set package 'hexapod_rviz' build argument 'cmake_force_configure' from command line to 'False'
[0.191s] Level 5:colcon.colcon_core.verb:set package 'hexapod_rviz' build argument 'ament_cmake_args' from command line to 'None'
[0.191s] Level 5:colcon.colcon_core.verb:set package 'hexapod_rviz' build argument 'catkin_cmake_args' from command line to 'None'
[0.191s] Level 5:colcon.colcon_core.verb:set package 'hexapod_rviz' build argument 'catkin_skip_building_tests' from command line to 'False'
[0.191s] DEBUG:colcon.colcon_core.verb:Building package 'hexapod_rviz' with the following arguments: {'ament_cmake_args': None, 'build_base': '/home/rune/Hexapod/simulation/hexapod_rviz/build/hexapod_rviz', 'catkin_cmake_args': None, 'catkin_skip_building_tests': False, 'cmake_args': None, 'cmake_clean_cache': False, 'cmake_clean_first': False, 'cmake_force_configure': False, 'cmake_target': None, 'cmake_target_skip_unavailable': False, 'install_base': '/home/rune/Hexapod/simulation/hexapod_rviz/install/hexapod_rviz', 'merge_install': False, 'path': '/home/rune/Hexapod/simulation/hexapod_rviz', 'symlink_install': False, 'test_result_base': None}
[0.191s] INFO:colcon.colcon_core.executor:Executing jobs using 'parallel' executor
[0.192s] DEBUG:colcon.colcon_parallel_executor.executor.parallel:run_until_complete
[0.192s] INFO:colcon.colcon_ros.task.ament_cmake.build:Building ROS package in '/home/rune/Hexapod/simulation/hexapod_rviz' with build type 'ament_cmake'
[0.192s] INFO:colcon.colcon_cmake.task.cmake.build:Building CMake package in '/home/rune/Hexapod/simulation/hexapod_rviz'
[0.195s] INFO:colcon.colcon_core.plugin_system:Skipping extension 'colcon_core.shell.bat': Not used on non-Windows systems
[0.195s] DEBUG:colcon.colcon_core.shell:Skip shell extension 'dsv' for command environment
[0.196s] WARNING:colcon.colcon_core.prefix_path.colcon:The path '/home/rune/Hexapod/simulation/rviz/install' in the environment variable COLCON_PREFIX_PATH doesn't exist
[0.197s] WARNING:colcon.colcon_ros.prefix_path.ament:The path '/home/rune/Hexapod/simulation/rviz/install/hexapod' in the environment variable AMENT_PREFIX_PATH doesn't exist
[0.197s] WARNING:colcon.colcon_ros.prefix_path.catkin:The path '/home/rune/Hexapod/simulation/rviz/install/hexapod' in the environment variable CMAKE_PREFIX_PATH doesn't exist
[0.211s] DEBUG:colcon.colcon_core.event_handler.log_command:Invoking command in '/home/rune/Hexapod/simulation/hexapod_rviz/build/hexapod_rviz': CMAKE_PREFIX_PATH=${CMAKE_PREFIX_PATH}:/opt/ros/jazzy DEBUGINFOD_URLS=https://debuginfod.ubuntu.com /usr/bin/cmake --build /home/rune/Hexapod/simulation/hexapod_rviz/build/hexapod_rviz -- -j4 -l4
[0.280s] DEBUG:colcon.colcon_core.event_handler.log_command:Invoked command in '/home/rune/Hexapod/simulation/hexapod_rviz/build/hexapod_rviz' returned '0': CMAKE_PREFIX_PATH=${CMAKE_PREFIX_PATH}:/opt/ros/jazzy DEBUGINFOD_URLS=https://debuginfod.ubuntu.com /usr/bin/cmake --build /home/rune/Hexapod/simulation/hexapod_rviz/build/hexapod_rviz -- -j4 -l4
[0.296s] DEBUG:colcon.colcon_core.event_handler.log_command:Invoking command in '/home/rune/Hexapod/simulation/hexapod_rviz/build/hexapod_rviz': CMAKE_PREFIX_PATH=${CMAKE_PREFIX_PATH}:/opt/ros/jazzy DEBUGINFOD_URLS=https://debuginfod.ubuntu.com /usr/bin/cmake --install /home/rune/Hexapod/simulation/hexapod_rviz/build/hexapod_rviz
[0.313s] Level 1:colcon.colcon_core.environment:create_environment_scripts_only(hexapod_rviz)
[0.314s] DEBUG:colcon.colcon_core.event_handler.log_command:Invoked command in '/home/rune/Hexapod/simulation/hexapod_rviz/build/hexapod_rviz' returned '0': CMAKE_PREFIX_PATH=${CMAKE_PREFIX_PATH}:/opt/ros/jazzy DEBUGINFOD_URLS=https://debuginfod.ubuntu.com /usr/bin/cmake --install /home/rune/Hexapod/simulation/hexapod_rviz/build/hexapod_rviz
[0.316s] Level 1:colcon.colcon_core.environment:checking '/home/rune/Hexapod/simulation/hexapod_rviz/install/hexapod_rviz' for CMake module files
[0.317s] Level 1:colcon.colcon_core.environment:checking '/home/rune/Hexapod/simulation/hexapod_rviz/install/hexapod_rviz' for CMake config files
[0.317s] Level 1:colcon.colcon_core.shell:create_environment_hook('hexapod_rviz', 'cmake_prefix_path')
[0.317s] INFO:colcon.colcon_core.shell:Creating environment descriptor '/home/rune/Hexapod/simulation/hexapod_rviz/install/hexapod_rviz/share/hexapod_rviz/hook/cmake_prefix_path.dsv'
[0.318s] INFO:colcon.colcon_core.shell:Creating environment hook '/home/rune/Hexapod/simulation/hexapod_rviz/install/hexapod_rviz/share/hexapod_rviz/hook/cmake_prefix_path.sh'
[0.319s] Level 1:colcon.colcon_core.environment:checking '/home/rune/Hexapod/simulation/hexapod_rviz/install/hexapod_rviz/bin'
[0.319s] Level 1:colcon.colcon_core.environment:checking '/home/rune/Hexapod/simulation/hexapod_rviz/install/hexapod_rviz/lib/pkgconfig/hexapod_rviz.pc'
[0.321s] Level 1:colcon.colcon_core.environment:checking '/home/rune/Hexapod/simulation/hexapod_rviz/install/hexapod_rviz/lib/python3.12/site-packages'
[0.321s] Level 1:colcon.colcon_core.environment:checking '/home/rune/Hexapod/simulation/hexapod_rviz/install/hexapod_rviz/bin'
[0.321s] INFO:colcon.colcon_core.shell:Creating package descriptor '/home/rune/Hexapod/simulation/hexapod_rviz/install/hexapod_rviz/share/hexapod_rviz/package.dsv'
[0.322s] INFO:colcon.colcon_core.shell:Creating package script '/home/rune/Hexapod/simulation/hexapod_rviz/install/hexapod_rviz/share/hexapod_rviz/package.sh'
[0.323s] INFO:colcon.colcon_core.shell:Creating package script '/home/rune/Hexapod/simulation/hexapod_rviz/install/hexapod_rviz/share/hexapod_rviz/package.bash'
[0.324s] INFO:colcon.colcon_core.shell:Creating package script '/home/rune/Hexapod/simulation/hexapod_rviz/install/hexapod_rviz/share/hexapod_rviz/package.zsh'
[0.324s] Level 1:colcon.colcon_core.environment:create_file_with_runtime_dependencies(/home/rune/Hexapod/simulation/hexapod_rviz/install/hexapod_rviz/share/colcon-core/packages/hexapod_rviz)
[0.325s] Level 1:colcon.colcon_core.environment:create_environment_scripts_only(hexapod_rviz)
[0.325s] Level 1:colcon.colcon_core.environment:checking '/home/rune/Hexapod/simulation/hexapod_rviz/install/hexapod_rviz' for CMake module files
[0.326s] Level 1:colcon.colcon_core.environment:checking '/home/rune/Hexapod/simulation/hexapod_rviz/install/hexapod_rviz' for CMake config files
[0.326s] Level 1:colcon.colcon_core.shell:create_environment_hook('hexapod_rviz', 'cmake_prefix_path')
[0.326s] INFO:colcon.colcon_core.shell:Creating environment descriptor '/home/rune/Hexapod/simulation/hexapod_rviz/install/hexapod_rviz/share/hexapod_rviz/hook/cmake_prefix_path.dsv'
[0.327s] INFO:colcon.colcon_core.shell:Creating environment hook '/home/rune/Hexapod/simulation/hexapod_rviz/install/hexapod_rviz/share/hexapod_rviz/hook/cmake_prefix_path.sh'
[0.327s] Level 1:colcon.colcon_core.environment:checking '/home/rune/Hexapod/simulation/hexapod_rviz/install/hexapod_rviz/bin'
[0.327s] Level 1:colcon.colcon_core.environment:checking '/home/rune/Hexapod/simulation/hexapod_rviz/install/hexapod_rviz/lib/pkgconfig/hexapod_rviz.pc'
[0.328s] Level 1:colcon.colcon_core.environment:checking '/home/rune/Hexapod/simulation/hexapod_rviz/install/hexapod_rviz/lib/python3.12/site-packages'
[0.328s] Level 1:colcon.colcon_core.environment:checking '/home/rune/Hexapod/simulation/hexapod_rviz/install/hexapod_rviz/bin'
[0.328s] INFO:colcon.colcon_core.shell:Creating package descriptor '/home/rune/Hexapod/simulation/hexapod_rviz/install/hexapod_rviz/share/hexapod_rviz/package.dsv'
[0.328s] INFO:colcon.colcon_core.shell:Creating package script '/home/rune/Hexapod/simulation/hexapod_rviz/install/hexapod_rviz/share/hexapod_rviz/package.sh'
[0.329s] INFO:colcon.colcon_core.shell:Creating package script '/home/rune/Hexapod/simulation/hexapod_rviz/install/hexapod_rviz/share/hexapod_rviz/package.bash'
[0.330s] INFO:colcon.colcon_core.shell:Creating package script '/home/rune/Hexapod/simulation/hexapod_rviz/install/hexapod_rviz/share/hexapod_rviz/package.zsh'
[0.331s] Level 1:colcon.colcon_core.environment:create_file_with_runtime_dependencies(/home/rune/Hexapod/simulation/hexapod_rviz/install/hexapod_rviz/share/colcon-core/packages/hexapod_rviz)
[0.332s] DEBUG:colcon.colcon_parallel_executor.executor.parallel:closing loop
[0.332s] DEBUG:colcon.colcon_parallel_executor.executor.parallel:loop closed
[0.332s] DEBUG:colcon.colcon_parallel_executor.executor.parallel:run_until_complete finished with '0'
[0.332s] DEBUG:colcon.colcon_core.event_reactor:joining thread
[0.338s] INFO:colcon.colcon_core.plugin_system:Skipping extension 'colcon_notification.desktop_notification.terminal_notifier': Not used on non-Darwin systems
[0.338s] INFO:colcon.colcon_core.plugin_system:Skipping extension 'colcon_notification.desktop_notification.win32': Not used on non-Windows systems
[0.338s] INFO:colcon.colcon_notification.desktop_notification:Sending desktop notification using 'notify2'
[0.357s] DEBUG:colcon.colcon_core.event_reactor:joined thread
[0.358s] INFO:colcon.colcon_core.shell:Creating prefix script '/home/rune/Hexapod/simulation/hexapod_rviz/install/local_setup.sh'
[0.358s] INFO:colcon.colcon_core.shell:Creating prefix util module '/home/rune/Hexapod/simulation/hexapod_rviz/install/_local_setup_util_sh.py'
[0.360s] INFO:colcon.colcon_core.shell:Creating prefix chain script '/home/rune/Hexapod/simulation/hexapod_rviz/install/setup.sh'
[0.361s] INFO:colcon.colcon_core.shell:Creating prefix script '/home/rune/Hexapod/simulation/hexapod_rviz/install/local_setup.bash'
[0.361s] INFO:colcon.colcon_core.shell:Creating prefix chain script '/home/rune/Hexapod/simulation/hexapod_rviz/install/setup.bash'
[0.364s] INFO:colcon.colcon_core.shell:Creating prefix script '/home/rune/Hexapod/simulation/hexapod_rviz/install/local_setup.zsh'
[0.364s] INFO:colcon.colcon_core.shell:Creating prefix chain script '/home/rune/Hexapod/simulation/hexapod_rviz/install/setup.zsh'
